<?xml version="1.0" encoding="UTF-8"?>
<!-- Generated by org.testng.reporters.JUnitReportReporter -->
<testsuite hostname="DESKTOP-M2EFE32" failures="0" tests="20" name="com.amazon.testscript.Amazon_UI_Testing" time="232.878" errors="0" timestamp="2024-01-20T19:23:48 IST" skipped="0">
  <testcase classname="com.amazon.testscript.Amazon_UI_Testing" name="TC_01" time="25.011"/>
  <system-out/>
  <testcase classname="com.amazon.testscript.Amazon_UI_Testing" name="TC_02" time="26.412"/>
  <system-out/>
  <testcase classname="com.amazon.testscript.Amazon_UI_Testing" name="TC_03" time="8.266"/>
  <system-out/>
  <testcase classname="com.amazon.testscript.Amazon_UI_Testing" name="TC_04" time="16.952"/>
  <system-out/>
  <testcase classname="com.amazon.testscript.Amazon_UI_Testing" name="TC_05" time="8.460"/>
  <system-out/>
  <testcase classname="com.amazon.testscript.Amazon_UI_Testing" name="TC_06" time="11.477"/>
  <system-out>
    <![CDATA[Ratings of the product: 3.9]]>
  </system-out>
  <testcase classname="com.amazon.testscript.Amazon_UI_Testing" name="TC_07" time="14.474"/>
  <system-out>
    <![CDATA[Material composition
Cotton
Pattern
Striped
Fit type
Regular Fit
Sleeve type
Half Sleeve
Collar style
Club Collar
Length
Standard Length
Country of Origin
India






Easy breezy effortless summer styles
Cloudsoft innerwear for all day comfort
Stylish Oversized T-Shirt to Wear Everyday








]]>
  </system-out>
  <testcase classname="com.amazon.testscript.Amazon_UI_Testing" name="TC_08" time="20.104"/>
  <system-out/>
  <testcase classname="com.amazon.testscript.Amazon_UI_Testing" name="TC_09" time="7.146"/>
  <system-out/>
  <testcase classname="com.amazon.testscript.Amazon_UI_Testing" name="TC_10" time="6.290"/>
  <system-out/>
  <testcase classname="com.amazon.testscript.Amazon_UI_Testing" name="TC_11" time="6.046"/>
  <system-out/>
  <testcase classname="com.amazon.testscript.Amazon_UI_Testing" name="TC_12" time="5.562"/>
  <system-out/>
  <testcase classname="com.amazon.testscript.Amazon_UI_Testing" name="TC_13" time="9.410"/>
  <system-out>
    <![CDATA[Pass]]>
  </system-out>
  <testcase classname="com.amazon.testscript.Amazon_UI_Testing" name="TC_14" time="7.454"/>
  <system-out/>
  <testcase classname="com.amazon.testscript.Amazon_UI_Testing" name="TC_15" time="7.317"/>
  <system-out/>
  <testcase classname="com.amazon.testscript.Amazon_UI_Testing" name="TC_16" time="17.163"/>
  <system-out/>
  <testcase classname="com.amazon.testscript.Amazon_UI_Testing" name="TC_17" time="7.112"/>
  <system-out/>
  <testcase classname="com.amazon.testscript.Amazon_UI_Testing" name="TC_19" time="7.587"/>
  <system-out/>
  <testcase classname="com.amazon.testscript.Amazon_UI_Testing" name="TC_20" time="10.379"/>
  <system-out/>
  <testcase classname="com.amazon.testscript.Amazon_UI_Testing" name="TC_18" time="10.256"/>
  <system-out>
    <![CDATA[HI]]>
  </system-out>
</testsuite> <!-- com.amazon.testscript.Amazon_UI_Testing -->
