<?xml version="1.0" encoding="UTF-8"?>
<!-- Generated by org.testng.reporters.JUnitReportReporter -->
<testsuite hostname="DESKTOP-M2EFE32" failures="0" tests="1" name="coma.amazon.testscript.Amazon_UI_Testing" time="5.050" errors="0" timestamp="2024-01-20T09:43:49 IST" skipped="0">
  <testcase classname="coma.amazon.testscript.Amazon_UI_Testing" name="TC_18" time="5.050"/>
  <system-out/>
</testsuite> <!-- coma.amazon.testscript.Amazon_UI_Testing -->
